[00:02:46] [Server thread/INFO] [net.minecraft.network.NetHandlerPlayServer]: TNix0 issued server command: /weather clear
[00:02:46] [Server thread/INFO] [net.minecraft.server.dedicated.DedicatedServer]: [TNix0: Changing to clear weather]
[00:03:26] [Server thread/DEBUG] [FML]: Gathering id map for writing to world save world
[00:08:26] [Server thread/DEBUG] [FML]: Gathering id map for writing to world save world
[00:12:39] [Async Chat Thread - 12/INFO] []: <kaki> construyendo
[00:12:44] [Async Chat Thread - 12/INFO] []: <kaki> me aburri y le pedi al nixo permiso
[00:12:51] [Async Chat Thread - 12/INFO] []: <kaki> pq ya farmie
[00:13:26] [Server thread/DEBUG] [FML]: Gathering id map for writing to world save world
[00:15:05] [Server thread/INFO] [net.minecraft.network.NetHandlerPlayServer]: TNix0 issued server command: /time set day
[00:15:05] [Server thread/INFO] [net.minecraft.server.dedicated.DedicatedServer]: [TNix0: Set the time to 1000]
[00:17:32] [Server thread/INFO] [net.minecraft.network.NetHandlerPlayServer]: TNix0 issued server command: /weather clear
[00:17:32] [Server thread/INFO] [net.minecraft.server.dedicated.DedicatedServer]: [TNix0: Changing to clear weather]
[00:18:26] [Server thread/DEBUG] [FML]: Gathering id map for writing to world save world
[00:20:03] [Async Chat Thread - 13/INFO] []: <kaki> si
[00:20:14] [Async Chat Thread - 13/INFO] []: <kaki> im coockin
[00:21:34] [Async Chat Thread - 14/INFO] []: <kaki> diablo
[00:21:44] [Async Chat Thread - 14/INFO] []: <kaki> deje 4 stacks de madera
[00:21:52] [Async Chat Thread - 14/INFO] []: <kaki> 3 ahora
[00:21:55] [Async Chat Thread - 14/INFO] []: <kaki> el nino se gasto uno
[00:23:26] [Server thread/DEBUG] [FML]: Gathering id map for writing to world save world
[00:24:01] [Server thread/INFO] [net.minecraft.network.NetHandlerPlayServer]: TNix0 issued server command: /tp Cundra
[00:24:01] [Server thread/INFO] [net.minecraft.server.dedicated.DedicatedServer]: [TNix0: Teleported TNix0 to Cundra]
[00:25:04] [Server thread/INFO] [net.minecraft.network.NetHandlerPlayServer]: Cundra issued server command: /joinrace
[00:25:08] [Server thread/INFO] [net.minecraft.network.NetHandlerPlayServer]: TNix0 issued server command: /join
[00:25:15] [Server thread/INFO] [net.minecraft.network.NetHandlerPlayServer]: Cundra issued server command: /joinrace
[00:26:19] [Async Chat Thread - 15/INFO] []: <kaki> nino
[00:26:21] [Async Chat Thread - 15/INFO] []: <kaki> cohete
[00:26:24] [Async Chat Thread - 15/INFO] []: <kaki> o ovni
[00:26:30] [Async Chat Thread - 15/INFO] []: <kaki> elije
[00:26:41] [Async Chat Thread - 15/INFO] []: <kaki> si
[00:26:47] [Async Chat Thread - 15/INFO] []: <kaki> cohete u ovni
[00:26:52] [Async Chat Thread - 15/INFO] []: <kaki> no qliao
[00:26:55] [Async Chat Thread - 15/INFO] []: <kaki> no saco nada del creativo
[00:28:26] [Server thread/DEBUG] [FML]: Gathering id map for writing to world save world
[00:30:06] [Server thread/INFO] [net.minecraft.network.NetHandlerPlayServer]: TNix0 issued server command: /weather clear
[00:30:06] [Server thread/INFO] [net.minecraft.server.dedicated.DedicatedServer]: [TNix0: Changing to clear weather]
[00:30:09] [Server thread/INFO] [net.minecraft.network.NetHandlerPlayServer]: TNix0 issued server command: /time set day
[00:30:09] [Server thread/INFO] [net.minecraft.server.dedicated.DedicatedServer]: [TNix0: Set the time to 1000]
[00:33:26] [Server thread/DEBUG] [FML]: Gathering id map for writing to world save world
